[2025-02-15 03:30:58] [main] [INFO] [] [com.sabbir.discoveryserver.DiscoveryServerApplication] - Starting DiscoveryServerApplication using Java 17.0.11 with PID 4110 (/home/ahamed/Desktop/E-Learning/discovery-server/build/classes/java/main started by ahamed in /home/ahamed/Desktop/E-Learning)
[2025-02-15 03:30:58] [main] [INFO] [] [com.sabbir.discoveryserver.DiscoveryServerApplication] - No active profile set, falling back to 1 default profile: "default"
[2025-02-15 03:30:59] [main] [INFO] [] [org.springframework.cloud.context.scope.GenericScope] - BeanFactory id=c25bee9d-1d4f-34a2-923d-d4291c69c953
[2025-02-15 03:30:59] [main] [INFO] [] [org.springframework.boot.web.embedded.tomcat.TomcatWebServer] - Tomcat initialized with port 8761 (http)
[2025-02-15 03:30:59] [main] [INFO] [] [org.apache.coyote.http11.Http11NioProtocol] - Initializing ProtocolHandler ["http-nio-8761"]
[2025-02-15 03:30:59] [main] [INFO] [] [org.apache.catalina.core.StandardService] - Starting service [Tomcat]
[2025-02-15 03:30:59] [main] [INFO] [] [org.apache.catalina.core.StandardEngine] - Starting Servlet engine: [Apache Tomcat/10.1.34]
[2025-02-15 03:30:59] [main] [INFO] [] [org.apache.catalina.core.ContainerBase.[Tomcat].[localhost].[/]] - Initializing Spring embedded WebApplicationContext
[2025-02-15 03:30:59] [main] [INFO] [] [org.springframework.boot.web.servlet.context.ServletWebServerApplicationContext] - Root WebApplicationContext: initialization completed in 1194 ms
[2025-02-15 03:31:00] [main] [INFO] [] [com.netflix.discovery.provider.DiscoveryJerseyProvider] - Using JSON encoding codec LegacyJacksonJson
[2025-02-15 03:31:00] [main] [INFO] [] [com.netflix.discovery.provider.DiscoveryJerseyProvider] - Using JSON decoding codec LegacyJacksonJson
[2025-02-15 03:31:00] [main] [INFO] [] [com.netflix.discovery.provider.DiscoveryJerseyProvider] - Using XML encoding codec XStreamXml
[2025-02-15 03:31:00] [main] [INFO] [] [com.netflix.discovery.provider.DiscoveryJerseyProvider] - Using XML decoding codec XStreamXml
[2025-02-15 03:31:00] [main] [INFO] [] [org.springframework.security.config.annotation.authentication.configuration.InitializeUserDetailsBeanManagerConfigurer$InitializeUserDetailsManagerConfigurer] - Global AuthenticationManager configured with UserDetailsService bean with name inMemoryUserDetailsManager
[2025-02-15 03:31:00] [main] [INFO] [] [org.springframework.boot.actuate.endpoint.web.EndpointLinksResolver] - Exposing 1 endpoint beneath base path '/actuator'
[2025-02-15 03:31:00] [main] [INFO] [] [org.springframework.validation.beanvalidation.OptionalValidatorFactoryBean] - Failed to set up a Bean Validation provider: jakarta.validation.NoProviderFoundException: Unable to create a Configuration, because no Jakarta Bean Validation provider could be found. Add a provider like Hibernate Validator (RI) to your classpath.
[2025-02-15 03:31:01] [main] [WARN] [] [org.springframework.cloud.loadbalancer.config.LoadBalancerCacheAutoConfiguration$LoadBalancerCaffeineWarnLogger] - Spring Cloud LoadBalancer is currently working with the default cache. While this cache implementation is useful for development and tests, it's recommended to use Caffeine cache in production.You can switch to using Caffeine cache, by adding it and org.springframework.cache.caffeine.CaffeineCacheManager to the classpath.
[2025-02-15 03:31:01] [main] [INFO] [] [org.springframework.cloud.netflix.eureka.InstanceInfoFactory] - Setting initial instance status as: STARTING
[2025-02-15 03:31:01] [main] [INFO] [] [com.netflix.discovery.DiscoveryClient] - Initializing Eureka in region us-east-1
[2025-02-15 03:31:01] [main] [INFO] [] [com.netflix.discovery.DiscoveryClient] - Client configured to neither register nor query for data.
[2025-02-15 03:31:01] [main] [INFO] [] [com.netflix.discovery.DiscoveryClient] - Discovery Client initialized at timestamp 1739568661180 with initial instances count: 0
[2025-02-15 03:31:01] [main] [INFO] [] [com.netflix.eureka.DefaultEurekaServerContext] - Initializing ...
[2025-02-15 03:31:01] [main] [INFO] [] [com.netflix.eureka.cluster.PeerEurekaNodes] - Adding new peer nodes [http://localhost:8761/eureka/]
[2025-02-15 03:31:01] [main] [INFO] [] [com.netflix.discovery.provider.DiscoveryJerseyProvider] - Using JSON encoding codec LegacyJacksonJson
[2025-02-15 03:31:01] [main] [INFO] [] [com.netflix.discovery.provider.DiscoveryJerseyProvider] - Using JSON decoding codec LegacyJacksonJson
[2025-02-15 03:31:01] [main] [INFO] [] [com.netflix.discovery.provider.DiscoveryJerseyProvider] - Using XML encoding codec XStreamXml
[2025-02-15 03:31:01] [main] [INFO] [] [com.netflix.discovery.provider.DiscoveryJerseyProvider] - Using XML decoding codec XStreamXml
[2025-02-15 03:31:01] [main] [INFO] [] [com.netflix.eureka.cluster.PeerEurekaNodes] - Replica node URL:  http://localhost:8761/eureka/
[2025-02-15 03:31:01] [main] [INFO] [] [com.netflix.eureka.registry.AbstractInstanceRegistry] - Finished initializing remote region registries. All known remote regions: []
[2025-02-15 03:31:01] [main] [INFO] [] [com.netflix.eureka.DefaultEurekaServerContext] - Initialized
[2025-02-15 03:31:01] [main] [INFO] [] [org.springframework.cloud.netflix.eureka.serviceregistry.EurekaServiceRegistry] - Registering application UNKNOWN with eureka with status UP
[2025-02-15 03:31:01] [main] [INFO] [] [org.apache.coyote.http11.Http11NioProtocol] - Starting ProtocolHandler ["http-nio-8761"]
[2025-02-15 03:31:01] [Thread-9] [INFO] [] [org.springframework.cloud.netflix.eureka.server.EurekaServerBootstrap] - isAws returned false
[2025-02-15 03:31:01] [Thread-9] [INFO] [] [org.springframework.cloud.netflix.eureka.server.EurekaServerBootstrap] - Initialized server context
[2025-02-15 03:31:01] [Thread-9] [INFO] [] [com.netflix.eureka.registry.PeerAwareInstanceRegistryImpl] - Got 1 instances from neighboring DS node
[2025-02-15 03:31:01] [Thread-9] [INFO] [] [com.netflix.eureka.registry.PeerAwareInstanceRegistryImpl] - Renew threshold is: 1
[2025-02-15 03:31:01] [Thread-9] [INFO] [] [com.netflix.eureka.registry.PeerAwareInstanceRegistryImpl] - Changing status to UP
[2025-02-15 03:31:01] [Thread-9] [INFO] [] [org.springframework.cloud.netflix.eureka.server.EurekaServerInitializerConfiguration] - Started Eureka Server
[2025-02-15 03:31:01] [main] [INFO] [] [org.springframework.boot.web.embedded.tomcat.TomcatWebServer] - Tomcat started on port 8761 (http) with context path '/'
[2025-02-15 03:31:01] [main] [INFO] [] [org.springframework.cloud.netflix.eureka.serviceregistry.EurekaAutoServiceRegistration] - Updating port to 8761
[2025-02-15 03:31:01] [main] [INFO] [] [com.sabbir.discoveryserver.DiscoveryServerApplication] - Started DiscoveryServerApplication in 3.609 seconds (process running for 5.453)
[2025-02-15 03:31:02] [RMI TCP Connection(3)-127.0.0.1] [INFO] [] [org.apache.catalina.core.ContainerBase.[Tomcat].[localhost].[/]] - Initializing Spring DispatcherServlet 'dispatcherServlet'
[2025-02-15 03:31:02] [RMI TCP Connection(3)-127.0.0.1] [INFO] [] [org.springframework.web.servlet.DispatcherServlet] - Initializing Servlet 'dispatcherServlet'
[2025-02-15 03:31:02] [RMI TCP Connection(3)-127.0.0.1] [INFO] [] [org.springframework.web.servlet.DispatcherServlet] - Completed initialization in 1 ms
[2025-02-15 03:31:41] [SpringApplicationShutdownHook] [INFO] [] [org.springframework.cloud.netflix.eureka.serviceregistry.EurekaServiceRegistry] - Unregistering application UNKNOWN with eureka with status DOWN
[2025-02-15 03:31:41] [SpringApplicationShutdownHook] [INFO] [] [org.springframework.boot.web.embedded.tomcat.GracefulShutdown] - Commencing graceful shutdown. Waiting for active requests to complete
[2025-02-15 03:31:41] [tomcat-shutdown] [INFO] [] [org.springframework.boot.web.embedded.tomcat.GracefulShutdown] - Graceful shutdown complete
[2025-02-15 03:31:41] [SpringApplicationShutdownHook] [INFO] [] [org.springframework.cloud.netflix.eureka.server.EurekaServerBootstrap] - Shutting down Eureka Server..
[2025-02-15 03:31:41] [SpringApplicationShutdownHook] [INFO] [] [com.netflix.eureka.DefaultEurekaServerContext] - Shutting down ...
[2025-02-15 03:31:41] [SpringApplicationShutdownHook] [INFO] [] [com.netflix.eureka.DefaultEurekaServerContext] - Shut down
[2025-02-15 03:31:41] [SpringApplicationShutdownHook] [INFO] [] [org.springframework.cloud.netflix.eureka.server.EurekaServerBootstrap] - Eureka Service is now shutdown...
[2025-02-15 03:31:41] [SpringApplicationShutdownHook] [INFO] [] [com.netflix.eureka.DefaultEurekaServerContext] - Shutting down ...
[2025-02-15 03:31:41] [SpringApplicationShutdownHook] [INFO] [] [com.netflix.eureka.DefaultEurekaServerContext] - Shut down
[2025-02-15 03:31:41] [Eureka-Jersey3Client-Conn-Cleaner2] [ERROR] [] [com.netflix.discovery.shared.transport.jersey3.EurekaJersey3ClientImpl] - Cannot clean connections
java.lang.IllegalStateException: Client instance has been closed.
	at org.glassfish.jersey.internal.guava.Preconditions.checkState(Preconditions.java:169)
	at org.glassfish.jersey.client.JerseyClient.checkNotClosed(JerseyClient.java:248)
	at org.glassfish.jersey.client.JerseyClient.getConfiguration(JerseyClient.java:363)
	at org.glassfish.jersey.client.JerseyClient.getConfiguration(JerseyClient.java:54)
	at com.netflix.discovery.shared.transport.jersey3.EurekaJersey3ClientImpl$ConnectionCleanerTask.run(EurekaJersey3ClientImpl.java:338)
	at java.base/java.util.concurrent.Executors$RunnableAdapter.call(Executors.java:539)
	at java.base/java.util.concurrent.FutureTask.run(FutureTask.java:264)
	at java.base/java.util.concurrent.ScheduledThreadPoolExecutor$ScheduledFutureTask.run(ScheduledThreadPoolExecutor.java:304)
	at java.base/java.util.concurrent.ThreadPoolExecutor.runWorker(ThreadPoolExecutor.java:1136)
	at java.base/java.util.concurrent.ThreadPoolExecutor$Worker.run(ThreadPoolExecutor.java:635)
	at java.base/java.lang.Thread.run(Thread.java:840)
[2025-02-15 03:31:41] [SpringApplicationShutdownHook] [INFO] [] [com.netflix.discovery.DiscoveryClient] - Shutting down DiscoveryClient ...
[2025-02-15 03:31:41] [SpringApplicationShutdownHook] [INFO] [] [com.netflix.discovery.DiscoveryClient] - Completed shut down of DiscoveryClient
